[error] Failed to fetch Firebase Project from Studio Workspace because WORKSPACE_SLUG environment variable is empty
[error] Failed to fetch Firebase Project from Studio Workspace because WORKSPACE_SLUG environment variable is empty
[error] Failed to fetch Firebase Project from Studio Workspace because WORKSPACE_SLUG environment variable is empty
[error] Failed to fetch Firebase Project from Studio Workspace because WORKSPACE_SLUG environment variable is empty
[debug] [2025-10-23T08:29:02.422Z] > command requires scopes: ["email","openid","https://www.googleapis.com/auth/cloudplatformprojects.readonly","https://www.googleapis.com/auth/firebase","https://www.googleapis.com/auth/cloud-platform","https://www.googleapis.com/auth/userinfo.email"]
[debug] [2025-10-23T08:29:02.423Z] > authorizing via signed-in user (proyect.moctezuma@gmail.com)
[debug] [2025-10-23T08:29:02.431Z] Checked if tokens are valid: true, expires at: 1761210551496
[debug] [2025-10-23T08:29:02.432Z] Checked if tokens are valid: true, expires at: 1761210551496
[debug] [2025-10-23T08:29:02.440Z] Checked if tokens are valid: true, expires at: 1761210551496
[debug] [2025-10-23T08:29:02.440Z] Checked if tokens are valid: true, expires at: 1761210551496
[debug] [2025-10-23T08:29:02.440Z] > command requires scopes: ["email","openid","https://www.googleapis.com/auth/cloudplatformprojects.readonly","https://www.googleapis.com/auth/firebase","https://www.googleapis.com/auth/cloud-platform","https://www.googleapis.com/auth/userinfo.email"]
[debug] [2025-10-23T08:29:02.441Z] > authorizing via signed-in user (proyect.moctezuma@gmail.com)
[debug] [2025-10-23T08:29:02.442Z] >>> [apiv2][query] GET https://serviceusage.googleapis.com/v1/projects/moctezuma-juegos/services/firestore.googleapis.com [none]
[debug] [2025-10-23T08:29:02.442Z] >>> [apiv2][(partial)header] GET https://serviceusage.googleapis.com/v1/projects/moctezuma-juegos/services/firestore.googleapis.com x-goog-quota-user=projects/moctezuma-juegos
[debug] [2025-10-23T08:29:02.445Z] >>> [apiv2][query] GET https://serviceusage.googleapis.com/v1/projects/moctezuma-juegos/services/firebaseio.com [none]
[debug] [2025-10-23T08:29:02.445Z] >>> [apiv2][(partial)header] GET https://serviceusage.googleapis.com/v1/projects/moctezuma-juegos/services/firebaseio.com x-goog-quota-user=projects/moctezuma-juegos
[debug] [2025-10-23T08:29:02.447Z] Checked if tokens are valid: true, expires at: 1761210551496
[debug] [2025-10-23T08:29:02.447Z] Checked if tokens are valid: true, expires at: 1761210551496
[debug] [2025-10-23T08:29:02.449Z] Checked if tokens are valid: true, expires at: 1761210551496
[debug] [2025-10-23T08:29:02.449Z] Checked if tokens are valid: true, expires at: 1761210551496
[debug] [2025-10-23T08:29:02.449Z] >>> [apiv2][query] GET https://serviceusage.googleapis.com/v1/projects/moctezuma-juegos/services/firestore.googleapis.com [none]
[debug] [2025-10-23T08:29:02.449Z] >>> [apiv2][(partial)header] GET https://serviceusage.googleapis.com/v1/projects/moctezuma-juegos/services/firestore.googleapis.com x-goog-quota-user=projects/moctezuma-juegos
[debug] [2025-10-23T08:29:02.451Z] >>> [apiv2][query] GET https://serviceusage.googleapis.com/v1/projects/moctezuma-juegos/services/firebaseio.com [none]
[debug] [2025-10-23T08:29:02.451Z] >>> [apiv2][(partial)header] GET https://serviceusage.googleapis.com/v1/projects/moctezuma-juegos/services/firebaseio.com x-goog-quota-user=projects/moctezuma-juegos
[debug] [2025-10-23T08:29:02.549Z] <<< [apiv2][status] GET https://serviceusage.googleapis.com/v1/projects/moctezuma-juegos/services/firebaseio.com 403
[debug] [2025-10-23T08:29:02.550Z] <<< [apiv2][body] GET https://serviceusage.googleapis.com/v1/projects/moctezuma-juegos/services/firebaseio.com [omitted]
[debug] [2025-10-23T08:29:02.568Z] <<< [apiv2][status] GET https://serviceusage.googleapis.com/v1/projects/moctezuma-juegos/services/firebaseio.com 403
[debug] [2025-10-23T08:29:02.569Z] <<< [apiv2][body] GET https://serviceusage.googleapis.com/v1/projects/moctezuma-juegos/services/firebaseio.com [omitted]
[debug] [2025-10-23T08:29:02.593Z] <<< [apiv2][status] GET https://serviceusage.googleapis.com/v1/projects/moctezuma-juegos/services/firestore.googleapis.com 200
[debug] [2025-10-23T08:29:02.593Z] <<< [apiv2][body] GET https://serviceusage.googleapis.com/v1/projects/moctezuma-juegos/services/firestore.googleapis.com [omitted]
[error] Failed to fetch Firebase Project from Studio Workspace because WORKSPACE_SLUG environment variable is empty
[error] Failed to fetch Firebase Project from Studio Workspace because WORKSPACE_SLUG environment variable is empty
[error] Failed to fetch Firebase Project from Studio Workspace because WORKSPACE_SLUG environment variable is empty
[debug] [2025-10-23T08:29:02.609Z] > command requires scopes: ["email","openid","https://www.googleapis.com/auth/cloudplatformprojects.readonly","https://www.googleapis.com/auth/firebase","https://www.googleapis.com/auth/cloud-platform","https://www.googleapis.com/auth/userinfo.email"]
[debug] [2025-10-23T08:29:02.609Z] > authorizing via signed-in user (proyect.moctezuma@gmail.com)
[error] Failed to fetch Firebase Project from Studio Workspace because WORKSPACE_SLUG environment variable is empty
[debug] [2025-10-23T08:29:02.613Z] > command requires scopes: ["email","openid","https://www.googleapis.com/auth/cloudplatformprojects.readonly","https://www.googleapis.com/auth/firebase","https://www.googleapis.com/auth/cloud-platform","https://www.googleapis.com/auth/userinfo.email"]
[debug] [2025-10-23T08:29:02.613Z] > authorizing via signed-in user (proyect.moctezuma@gmail.com)
[debug] [2025-10-23T08:29:02.631Z] <<< [apiv2][status] GET https://serviceusage.googleapis.com/v1/projects/moctezuma-juegos/services/firestore.googleapis.com 200
[debug] [2025-10-23T08:29:02.632Z] <<< [apiv2][body] GET https://serviceusage.googleapis.com/v1/projects/moctezuma-juegos/services/firestore.googleapis.com [omitted]
[error] Failed to fetch Firebase Project from Studio Workspace because WORKSPACE_SLUG environment variable is empty
[error] Failed to fetch Firebase Project from Studio Workspace because WORKSPACE_SLUG environment variable is empty
[error] Failed to fetch Firebase Project from Studio Workspace because WORKSPACE_SLUG environment variable is empty
[error] Failed to fetch Firebase Project from Studio Workspace because WORKSPACE_SLUG environment variable is empty
[debug] [2025-10-23T08:29:02.663Z] > command requires scopes: ["email","openid","https://www.googleapis.com/auth/cloudplatformprojects.readonly","https://www.googleapis.com/auth/firebase","https://www.googleapis.com/auth/cloud-platform","https://www.googleapis.com/auth/userinfo.email"]
[debug] [2025-10-23T08:29:02.663Z] > authorizing via signed-in user (proyect.moctezuma@gmail.com)
[error] Failed to fetch Firebase Project from Studio Workspace because WORKSPACE_SLUG environment variable is empty
[debug] [2025-10-23T08:29:02.666Z] > command requires scopes: ["email","openid","https://www.googleapis.com/auth/cloudplatformprojects.readonly","https://www.googleapis.com/auth/firebase","https://www.googleapis.com/auth/cloud-platform","https://www.googleapis.com/auth/userinfo.email"]
[debug] [2025-10-23T08:29:02.666Z] > authorizing via signed-in user (proyect.moctezuma@gmail.com)
[error] Failed to fetch Firebase Project from Studio Workspace because WORKSPACE_SLUG environment variable is empty
[error] Failed to fetch Firebase Project from Studio Workspace because WORKSPACE_SLUG environment variable is empty
[debug] [2025-10-23T08:29:02.704Z] > command requires scopes: ["email","openid","https://www.googleapis.com/auth/cloudplatformprojects.readonly","https://www.googleapis.com/auth/firebase","https://www.googleapis.com/auth/cloud-platform","https://www.googleapis.com/auth/userinfo.email"]
[debug] [2025-10-23T08:29:02.704Z] > authorizing via signed-in user (proyect.moctezuma@gmail.com)
[error] Failed to fetch Firebase Project from Studio Workspace because WORKSPACE_SLUG environment variable is empty
[debug] [2025-10-23T08:29:02.706Z] > command requires scopes: ["email","openid","https://www.googleapis.com/auth/cloudplatformprojects.readonly","https://www.googleapis.com/auth/firebase","https://www.googleapis.com/auth/cloud-platform","https://www.googleapis.com/auth/userinfo.email"]
[debug] [2025-10-23T08:29:02.706Z] > authorizing via signed-in user (proyect.moctezuma@gmail.com)
[error] Failed to fetch Firebase Project from Studio Workspace because WORKSPACE_SLUG environment variable is empty
[error] Failed to fetch Firebase Project from Studio Workspace because WORKSPACE_SLUG environment variable is empty
[error] Failed to fetch Firebase Project from Studio Workspace because WORKSPACE_SLUG environment variable is empty
[error] Failed to fetch Firebase Project from Studio Workspace because WORKSPACE_SLUG environment variable is empty
[debug] [2025-10-23T08:34:04.455Z] > command requires scopes: ["email","openid","https://www.googleapis.com/auth/cloudplatformprojects.readonly","https://www.googleapis.com/auth/firebase","https://www.googleapis.com/auth/cloud-platform","https://www.googleapis.com/auth/userinfo.email"]
[debug] [2025-10-23T08:34:04.456Z] > authorizing via signed-in user (proyect.moctezuma@gmail.com)
[debug] [2025-10-23T08:34:04.467Z] Checked if tokens are valid: true, expires at: 1761210551496
[debug] [2025-10-23T08:34:04.467Z] Checked if tokens are valid: true, expires at: 1761210551496
[debug] [2025-10-23T08:34:04.476Z] Checked if tokens are valid: true, expires at: 1761210551496
[debug] [2025-10-23T08:34:04.477Z] Checked if tokens are valid: true, expires at: 1761210551496
[debug] [2025-10-23T08:34:04.477Z] > command requires scopes: ["email","openid","https://www.googleapis.com/auth/cloudplatformprojects.readonly","https://www.googleapis.com/auth/firebase","https://www.googleapis.com/auth/cloud-platform","https://www.googleapis.com/auth/userinfo.email"]
[debug] [2025-10-23T08:34:04.477Z] > authorizing via signed-in user (proyect.moctezuma@gmail.com)
[debug] [2025-10-23T08:34:04.479Z] >>> [apiv2][query] GET https://serviceusage.googleapis.com/v1/projects/moctezuma-juegos/services/firestore.googleapis.com [none]
[debug] [2025-10-23T08:34:04.479Z] >>> [apiv2][(partial)header] GET https://serviceusage.googleapis.com/v1/projects/moctezuma-juegos/services/firestore.googleapis.com x-goog-quota-user=projects/moctezuma-juegos
[debug] [2025-10-23T08:34:04.482Z] >>> [apiv2][query] GET https://serviceusage.googleapis.com/v1/projects/moctezuma-juegos/services/firebaseio.com [none]
[debug] [2025-10-23T08:34:04.482Z] >>> [apiv2][(partial)header] GET https://serviceusage.googleapis.com/v1/projects/moctezuma-juegos/services/firebaseio.com x-goog-quota-user=projects/moctezuma-juegos
[debug] [2025-10-23T08:34:04.485Z] Checked if tokens are valid: true, expires at: 1761210551496
[debug] [2025-10-23T08:34:04.485Z] Checked if tokens are valid: true, expires at: 1761210551496
[debug] [2025-10-23T08:34:04.487Z] Checked if tokens are valid: true, expires at: 1761210551496
[debug] [2025-10-23T08:34:04.487Z] Checked if tokens are valid: true, expires at: 1761210551496
[debug] [2025-10-23T08:34:04.488Z] >>> [apiv2][query] GET https://serviceusage.googleapis.com/v1/projects/moctezuma-juegos/services/firestore.googleapis.com [none]
[debug] [2025-10-23T08:34:04.488Z] >>> [apiv2][(partial)header] GET https://serviceusage.googleapis.com/v1/projects/moctezuma-juegos/services/firestore.googleapis.com x-goog-quota-user=projects/moctezuma-juegos
[debug] [2025-10-23T08:34:04.489Z] >>> [apiv2][query] GET https://serviceusage.googleapis.com/v1/projects/moctezuma-juegos/services/firebaseio.com [none]
[debug] [2025-10-23T08:34:04.489Z] >>> [apiv2][(partial)header] GET https://serviceusage.googleapis.com/v1/projects/moctezuma-juegos/services/firebaseio.com x-goog-quota-user=projects/moctezuma-juegos
[debug] [2025-10-23T08:34:04.583Z] <<< [apiv2][status] GET https://serviceusage.googleapis.com/v1/projects/moctezuma-juegos/services/firebaseio.com 403
[debug] [2025-10-23T08:34:04.583Z] <<< [apiv2][body] GET https://serviceusage.googleapis.com/v1/projects/moctezuma-juegos/services/firebaseio.com [omitted]
[debug] [2025-10-23T08:34:04.606Z] <<< [apiv2][status] GET https://serviceusage.googleapis.com/v1/projects/moctezuma-juegos/services/firebaseio.com 403
[debug] [2025-10-23T08:34:04.606Z] <<< [apiv2][body] GET https://serviceusage.googleapis.com/v1/projects/moctezuma-juegos/services/firebaseio.com [omitted]
[debug] [2025-10-23T08:34:04.681Z] <<< [apiv2][status] GET https://serviceusage.googleapis.com/v1/projects/moctezuma-juegos/services/firestore.googleapis.com 200
[debug] [2025-10-23T08:34:04.681Z] <<< [apiv2][body] GET https://serviceusage.googleapis.com/v1/projects/moctezuma-juegos/services/firestore.googleapis.com [omitted]
[debug] [2025-10-23T08:34:04.692Z] <<< [apiv2][status] GET https://serviceusage.googleapis.com/v1/projects/moctezuma-juegos/services/firestore.googleapis.com 200
[debug] [2025-10-23T08:34:04.692Z] <<< [apiv2][body] GET https://serviceusage.googleapis.com/v1/projects/moctezuma-juegos/services/firestore.googleapis.com [omitted]
[error] Failed to fetch Firebase Project from Studio Workspace because WORKSPACE_SLUG environment variable is empty
[error] Failed to fetch Firebase Project from Studio Workspace because WORKSPACE_SLUG environment variable is empty
[error] Failed to fetch Firebase Project from Studio Workspace because WORKSPACE_SLUG environment variable is empty
[debug] [2025-10-23T08:34:04.711Z] > command requires scopes: ["email","openid","https://www.googleapis.com/auth/cloudplatformprojects.readonly","https://www.googleapis.com/auth/firebase","https://www.googleapis.com/auth/cloud-platform","https://www.googleapis.com/auth/userinfo.email"]
[debug] [2025-10-23T08:34:04.712Z] > authorizing via signed-in user (proyect.moctezuma@gmail.com)
[error] Failed to fetch Firebase Project from Studio Workspace because WORKSPACE_SLUG environment variable is empty
[debug] [2025-10-23T08:34:04.717Z] > command requires scopes: ["email","openid","https://www.googleapis.com/auth/cloudplatformprojects.readonly","https://www.googleapis.com/auth/firebase","https://www.googleapis.com/auth/cloud-platform","https://www.googleapis.com/auth/userinfo.email"]
[debug] [2025-10-23T08:34:04.717Z] > authorizing via signed-in user (proyect.moctezuma@gmail.com)
[error] Failed to fetch Firebase Project from Studio Workspace because WORKSPACE_SLUG environment variable is empty
[error] Failed to fetch Firebase Project from Studio Workspace because WORKSPACE_SLUG environment variable is empty
[error] Failed to fetch Firebase Project from Studio Workspace because WORKSPACE_SLUG environment variable is empty
[error] Failed to fetch Firebase Project from Studio Workspace because WORKSPACE_SLUG environment variable is empty
[debug] [2025-10-23T08:34:04.755Z] > command requires scopes: ["email","openid","https://www.googleapis.com/auth/cloudplatformprojects.readonly","https://www.googleapis.com/auth/firebase","https://www.googleapis.com/auth/cloud-platform","https://www.googleapis.com/auth/userinfo.email"]
[debug] [2025-10-23T08:34:04.758Z] > authorizing via signed-in user (proyect.moctezuma@gmail.com)
[error] Failed to fetch Firebase Project from Studio Workspace because WORKSPACE_SLUG environment variable is empty
[debug] [2025-10-23T08:34:04.761Z] > command requires scopes: ["email","openid","https://www.googleapis.com/auth/cloudplatformprojects.readonly","https://www.googleapis.com/auth/firebase","https://www.googleapis.com/auth/cloud-platform","https://www.googleapis.com/auth/userinfo.email"]
[debug] [2025-10-23T08:34:04.761Z] > authorizing via signed-in user (proyect.moctezuma@gmail.com)
[error] Failed to fetch Firebase Project from Studio Workspace because WORKSPACE_SLUG environment variable is empty
[error] Failed to fetch Firebase Project from Studio Workspace because WORKSPACE_SLUG environment variable is empty
[debug] [2025-10-23T08:34:04.792Z] > command requires scopes: ["email","openid","https://www.googleapis.com/auth/cloudplatformprojects.readonly","https://www.googleapis.com/auth/firebase","https://www.googleapis.com/auth/cloud-platform","https://www.googleapis.com/auth/userinfo.email"]
[debug] [2025-10-23T08:34:04.793Z] > authorizing via signed-in user (proyect.moctezuma@gmail.com)
[error] Failed to fetch Firebase Project from Studio Workspace because WORKSPACE_SLUG environment variable is empty
[debug] [2025-10-23T08:34:04.794Z] > command requires scopes: ["email","openid","https://www.googleapis.com/auth/cloudplatformprojects.readonly","https://www.googleapis.com/auth/firebase","https://www.googleapis.com/auth/cloud-platform","https://www.googleapis.com/auth/userinfo.email"]
[debug] [2025-10-23T08:34:04.794Z] > authorizing via signed-in user (proyect.moctezuma@gmail.com)
[error] Failed to fetch Firebase Project from Studio Workspace because WORKSPACE_SLUG environment variable is empty
[error] Failed to fetch Firebase Project from Studio Workspace because WORKSPACE_SLUG environment variable is empty
[error] Failed to fetch Firebase Project from Studio Workspace because WORKSPACE_SLUG environment variable is empty
[error] Failed to fetch Firebase Project from Studio Workspace because WORKSPACE_SLUG environment variable is empty
[debug] [2025-10-23T22:11:00.676Z] > command requires scopes: ["email","openid","https://www.googleapis.com/auth/cloudplatformprojects.readonly","https://www.googleapis.com/auth/firebase","https://www.googleapis.com/auth/cloud-platform","https://www.googleapis.com/auth/userinfo.email"]
[debug] [2025-10-23T22:11:00.677Z] > authorizing via signed-in user (proyect.moctezuma@gmail.com)
[debug] [2025-10-23T22:11:00.701Z] Checked if tokens are valid: false, expires at: 1761210551496
[debug] [2025-10-23T22:11:00.702Z] Checked if tokens are valid: false, expires at: 1761210551496
[debug] [2025-10-23T22:11:00.703Z] > refreshing access token with scopes: []
[debug] [2025-10-23T22:11:00.710Z] >>> [apiv2][query] POST https://www.googleapis.com/oauth2/v3/token [none]
[debug] [2025-10-23T22:11:00.711Z] >>> [apiv2][body] POST https://www.googleapis.com/oauth2/v3/token [omitted]
[debug] [2025-10-23T22:11:00.734Z] Checked if tokens are valid: false, expires at: 1761210551496
[debug] [2025-10-23T22:11:00.735Z] Checked if tokens are valid: false, expires at: 1761210551496
[debug] [2025-10-23T22:11:00.735Z] > refreshing access token with scopes: []
[debug] [2025-10-23T22:11:00.736Z] >>> [apiv2][query] POST https://www.googleapis.com/oauth2/v3/token [none]
[debug] [2025-10-23T22:11:00.736Z] >>> [apiv2][body] POST https://www.googleapis.com/oauth2/v3/token [omitted]
[debug] [2025-10-23T22:11:00.739Z] > command requires scopes: ["email","openid","https://www.googleapis.com/auth/cloudplatformprojects.readonly","https://www.googleapis.com/auth/firebase","https://www.googleapis.com/auth/cloud-platform","https://www.googleapis.com/auth/userinfo.email"]
[debug] [2025-10-23T22:11:00.739Z] > authorizing via signed-in user (proyect.moctezuma@gmail.com)
[debug] [2025-10-23T22:11:00.740Z] Checked if tokens are valid: false, expires at: 1761210551496
[debug] [2025-10-23T22:11:00.740Z] Checked if tokens are valid: false, expires at: 1761210551496
[debug] [2025-10-23T22:11:00.740Z] > refreshing access token with scopes: []
[debug] [2025-10-23T22:11:00.740Z] >>> [apiv2][query] POST https://www.googleapis.com/oauth2/v3/token [none]
[debug] [2025-10-23T22:11:00.740Z] >>> [apiv2][body] POST https://www.googleapis.com/oauth2/v3/token [omitted]
[debug] [2025-10-23T22:11:00.749Z] Checked if tokens are valid: false, expires at: 1761210551496
[debug] [2025-10-23T22:11:00.749Z] Checked if tokens are valid: false, expires at: 1761210551496
[debug] [2025-10-23T22:11:00.749Z] > refreshing access token with scopes: []
[debug] [2025-10-23T22:11:00.751Z] >>> [apiv2][query] POST https://www.googleapis.com/oauth2/v3/token [none]
[debug] [2025-10-23T22:11:00.751Z] >>> [apiv2][body] POST https://www.googleapis.com/oauth2/v3/token [omitted]
[debug] [2025-10-23T22:11:00.882Z] <<< [apiv2][status] POST https://www.googleapis.com/oauth2/v3/token 200
[debug] [2025-10-23T22:11:00.882Z] <<< [apiv2][body] POST https://www.googleapis.com/oauth2/v3/token [omitted]
[debug] [2025-10-23T22:11:00.918Z] >>> [apiv2][query] GET https://serviceusage.googleapis.com/v1/projects/moctezuma-juegos/services/firebaseio.com [none]
[debug] [2025-10-23T22:11:00.918Z] >>> [apiv2][(partial)header] GET https://serviceusage.googleapis.com/v1/projects/moctezuma-juegos/services/firebaseio.com x-goog-quota-user=projects/moctezuma-juegos
[debug] [2025-10-23T22:11:00.960Z] <<< [apiv2][status] POST https://www.googleapis.com/oauth2/v3/token 200
[debug] [2025-10-23T22:11:00.961Z] <<< [apiv2][body] POST https://www.googleapis.com/oauth2/v3/token [omitted]
[debug] [2025-10-23T22:11:00.979Z] >>> [apiv2][query] GET https://serviceusage.googleapis.com/v1/projects/moctezuma-juegos/services/firebaseio.com [none]
[debug] [2025-10-23T22:11:00.979Z] >>> [apiv2][(partial)header] GET https://serviceusage.googleapis.com/v1/projects/moctezuma-juegos/services/firebaseio.com x-goog-quota-user=projects/moctezuma-juegos
[debug] [2025-10-23T22:11:00.992Z] <<< [apiv2][status] POST https://www.googleapis.com/oauth2/v3/token 200
[debug] [2025-10-23T22:11:00.992Z] <<< [apiv2][body] POST https://www.googleapis.com/oauth2/v3/token [omitted]
[debug] [2025-10-23T22:11:01.013Z] >>> [apiv2][query] GET https://serviceusage.googleapis.com/v1/projects/moctezuma-juegos/services/firestore.googleapis.com [none]
[debug] [2025-10-23T22:11:01.013Z] >>> [apiv2][(partial)header] GET https://serviceusage.googleapis.com/v1/projects/moctezuma-juegos/services/firestore.googleapis.com x-goog-quota-user=projects/moctezuma-juegos
[debug] [2025-10-23T22:11:01.015Z] <<< [apiv2][status] POST https://www.googleapis.com/oauth2/v3/token 200
[debug] [2025-10-23T22:11:01.015Z] <<< [apiv2][body] POST https://www.googleapis.com/oauth2/v3/token [omitted]
[debug] [2025-10-23T22:11:01.030Z] >>> [apiv2][query] GET https://serviceusage.googleapis.com/v1/projects/moctezuma-juegos/services/firestore.googleapis.com [none]
[debug] [2025-10-23T22:11:01.030Z] >>> [apiv2][(partial)header] GET https://serviceusage.googleapis.com/v1/projects/moctezuma-juegos/services/firestore.googleapis.com x-goog-quota-user=projects/moctezuma-juegos
[debug] [2025-10-23T22:11:01.059Z] <<< [apiv2][status] GET https://serviceusage.googleapis.com/v1/projects/moctezuma-juegos/services/firebaseio.com 403
[debug] [2025-10-23T22:11:01.059Z] <<< [apiv2][body] GET https://serviceusage.googleapis.com/v1/projects/moctezuma-juegos/services/firebaseio.com [omitted]
[debug] [2025-10-23T22:11:01.103Z] <<< [apiv2][status] GET https://serviceusage.googleapis.com/v1/projects/moctezuma-juegos/services/firebaseio.com 403
[debug] [2025-10-23T22:11:01.103Z] <<< [apiv2][body] GET https://serviceusage.googleapis.com/v1/projects/moctezuma-juegos/services/firebaseio.com [omitted]
[debug] [2025-10-23T22:11:01.168Z] <<< [apiv2][status] GET https://serviceusage.googleapis.com/v1/projects/moctezuma-juegos/services/firestore.googleapis.com 200
[debug] [2025-10-23T22:11:01.168Z] <<< [apiv2][body] GET https://serviceusage.googleapis.com/v1/projects/moctezuma-juegos/services/firestore.googleapis.com [omitted]
[debug] [2025-10-23T22:11:01.182Z] <<< [apiv2][status] GET https://serviceusage.googleapis.com/v1/projects/moctezuma-juegos/services/firestore.googleapis.com 200
[debug] [2025-10-23T22:11:01.182Z] <<< [apiv2][body] GET https://serviceusage.googleapis.com/v1/projects/moctezuma-juegos/services/firestore.googleapis.com [omitted]
[error] Failed to fetch Firebase Project from Studio Workspace because WORKSPACE_SLUG environment variable is empty
[error] Failed to fetch Firebase Project from Studio Workspace because WORKSPACE_SLUG environment variable is empty
[error] Failed to fetch Firebase Project from Studio Workspace because WORKSPACE_SLUG environment variable is empty
[debug] [2025-10-23T22:11:01.203Z] > command requires scopes: ["email","openid","https://www.googleapis.com/auth/cloudplatformprojects.readonly","https://www.googleapis.com/auth/firebase","https://www.googleapis.com/auth/cloud-platform","https://www.googleapis.com/auth/userinfo.email"]
[debug] [2025-10-23T22:11:01.208Z] > authorizing via signed-in user (proyect.moctezuma@gmail.com)
[error] Failed to fetch Firebase Project from Studio Workspace because WORKSPACE_SLUG environment variable is empty
[debug] [2025-10-23T22:11:01.210Z] > command requires scopes: ["email","openid","https://www.googleapis.com/auth/cloudplatformprojects.readonly","https://www.googleapis.com/auth/firebase","https://www.googleapis.com/auth/cloud-platform","https://www.googleapis.com/auth/userinfo.email"]
[debug] [2025-10-23T22:11:01.210Z] > authorizing via signed-in user (proyect.moctezuma@gmail.com)
[error] Failed to fetch Firebase Project from Studio Workspace because WORKSPACE_SLUG environment variable is empty
[error] Failed to fetch Firebase Project from Studio Workspace because WORKSPACE_SLUG environment variable is empty
[error] Failed to fetch Firebase Project from Studio Workspace because WORKSPACE_SLUG environment variable is empty
[error] Failed to fetch Firebase Project from Studio Workspace because WORKSPACE_SLUG environment variable is empty
[debug] [2025-10-23T22:11:01.301Z] > command requires scopes: ["email","openid","https://www.googleapis.com/auth/cloudplatformprojects.readonly","https://www.googleapis.com/auth/firebase","https://www.googleapis.com/auth/cloud-platform","https://www.googleapis.com/auth/userinfo.email"]
[debug] [2025-10-23T22:11:01.301Z] > authorizing via signed-in user (proyect.moctezuma@gmail.com)
[error] Failed to fetch Firebase Project from Studio Workspace because WORKSPACE_SLUG environment variable is empty
[debug] [2025-10-23T22:11:01.302Z] > command requires scopes: ["email","openid","https://www.googleapis.com/auth/cloudplatformprojects.readonly","https://www.googleapis.com/auth/firebase","https://www.googleapis.com/auth/cloud-platform","https://www.googleapis.com/auth/userinfo.email"]
[debug] [2025-10-23T22:11:01.302Z] > authorizing via signed-in user (proyect.moctezuma@gmail.com)
[error] Failed to fetch Firebase Project from Studio Workspace because WORKSPACE_SLUG environment variable is empty
[error] Failed to fetch Firebase Project from Studio Workspace because WORKSPACE_SLUG environment variable is empty
[debug] [2025-10-23T22:11:01.329Z] > command requires scopes: ["email","openid","https://www.googleapis.com/auth/cloudplatformprojects.readonly","https://www.googleapis.com/auth/firebase","https://www.googleapis.com/auth/cloud-platform","https://www.googleapis.com/auth/userinfo.email"]
[debug] [2025-10-23T22:11:01.329Z] > authorizing via signed-in user (proyect.moctezuma@gmail.com)
[error] Failed to fetch Firebase Project from Studio Workspace because WORKSPACE_SLUG environment variable is empty
[debug] [2025-10-23T22:11:01.332Z] > command requires scopes: ["email","openid","https://www.googleapis.com/auth/cloudplatformprojects.readonly","https://www.googleapis.com/auth/firebase","https://www.googleapis.com/auth/cloud-platform","https://www.googleapis.com/auth/userinfo.email"]
[debug] [2025-10-23T22:11:01.332Z] > authorizing via signed-in user (proyect.moctezuma@gmail.com)
